<?xml version="1.0" encoding="UTF-8" standalone="yes"?>
<testsuites time="0.219" tests="3" failures="2" errors="1">
    <testsuite tests="3" failures="2" errors="1" time="0.219" timestamp="2020-10-12T15:22:07">
        <properties>
[...]
</properties>
        <testcase name="UserSwitchModelTest" time="0.073" classname="UserSwitchModelTest">
            <failure type="Not fulfilled" message="0"/>
        </testcase>
        <testcase name="LoginPageTest" time="0.073" classname="LoginPageTest">
            <error type="java.lang.NullPointerException">
                java.lang.NullPointerException&#xD;
                	at Helpers.BrowserInitHelper.getInstance(BrowserInitHelper.java:165)&#xD;
                	at LoginPageTest.v_BrowserStarted(LoginPageTest.java:60)&#xD;
                	at jdk.nashorn.internal.scripts.Script$Recompilation$13$232$\^eval\_.v_BrowserStarted(&lt;eval&gt;:1)&#xD;
                	at jdk.nashorn.internal.scripts.Script$12$\^eval\_.:program(&lt;eval&gt;:1)&#xD;
                	at jdk.nashorn.internal.runtime.ScriptFunctionData.invoke(ScriptFunctionData.java:637)&#xD;
                	at jdk.nashorn.internal.runtime.ScriptFunction.invoke(ScriptFunction.java:494)&#xD;
                	at jdk.nashorn.internal.runtime.ScriptRuntime.apply(ScriptRuntime.java:393)&#xD;
                	at jdk.nashorn.api.scripting.NashornScriptEngine.evalImpl(NashornScriptEngine.java:449)&#xD;
                	at jdk.nashorn.api.scripting.NashornScriptEngine.evalImpl(NashornScriptEngine.java:406)&#xD;
                	at jdk.nashorn.api.scripting.NashornScriptEngine.evalImpl(NashornScriptEngine.java:402)&#xD;
                	at jdk.nashorn.api.scripting.NashornScriptEngine.eval(NashornScriptEngine.java:155)&#xD;
                	at javax.script.AbstractScriptEngine.eval(AbstractScriptEngine.java:264)&#xD;
                	at org.graphwalker.core.machine.ExecutionContext.execute(ExecutionContext.java:300)&#xD;
                	at org.graphwalker.core.machine.SimpleMachine.execute(SimpleMachine.java:290)&#xD;
                	at org.graphwalker.core.machine.SimpleMachine.execute(SimpleMachine.java:265)&#xD;
                	at org.graphwalker.core.machine.SimpleMachine.getNextStep(SimpleMachine.java:105)&#xD;
                	at org.graphwalker.java.test.TestExecutor.execute(TestExecutor.java:199)&#xD;
                	at sun.reflect.NativeMethodAccessorImpl.invoke0(Native Method)&#xD;
                	at sun.reflect.NativeMethodAccessorImpl.invoke(NativeMethodAccessorImpl.java:62)&#xD;
                	at sun.reflect.DelegatingMethodAccessorImpl.invoke(DelegatingMethodAccessorImpl.java:43)&#xD;
                	at java.lang.reflect.Method.invoke(Method.java:498)&#xD;
                	at org.graphwalker.java.test.Reflections.invoke(Reflections.java:74)&#xD;
                	at org.graphwalker.java.test.Reflector.execute(Reflector.java:125)&#xD;
                	at org.graphwalker.maven.plugin.TestMojo.execute(TestMojo.java:153)&#xD;
                	at org.apache.maven.plugin.DefaultBuildPluginManager.executeMojo(DefaultBuildPluginManager.java:137)&#xD;
                	at org.apache.maven.lifecycle.internal.MojoExecutor.execute(MojoExecutor.java:210)&#xD;
                	at org.apache.maven.lifecycle.internal.MojoExecutor.execute(MojoExecutor.java:156)&#xD;
                	at org.apache.maven.lifecycle.internal.MojoExecutor.execute(MojoExecutor.java:148)&#xD;
                	at org.apache.maven.lifecycle.internal.LifecycleModuleBuilder.buildProject(LifecycleModuleBuilder.java:117)&#xD;
                	at org.apache.maven.lifecycle.internal.LifecycleModuleBuilder.buildProject(LifecycleModuleBuilder.java:81)&#xD;
                	at org.apache.maven.lifecycle.internal.builder.singlethreaded.SingleThreadedBuilder.build(SingleThreadedBuilder.java:56)&#xD;
                	at org.apache.maven.lifecycle.internal.LifecycleStarter.execute(LifecycleStarter.java:128)&#xD;
                	at org.apache.maven.DefaultMaven.doExecute(DefaultMaven.java:305)&#xD;
                	at org.apache.maven.DefaultMaven.doExecute(DefaultMaven.java:192)&#xD;
                	at org.apache.maven.DefaultMaven.execute(DefaultMaven.java:105)&#xD;
                	at org.apache.maven.cli.MavenCli.execute(MavenCli.java:957)&#xD;
                	at org.apache.maven.cli.MavenCli.doMain(MavenCli.java:289)&#xD;
                	at org.apache.maven.cli.MavenCli.main(MavenCli.java:193)&#xD;
                	at sun.reflect.NativeMethodAccessorImpl.invoke0(Native Method)&#xD;
                	at sun.reflect.NativeMethodAccessorImpl.invoke(NativeMethodAccessorImpl.java:62)&#xD;
                	at sun.reflect.DelegatingMethodAccessorImpl.invoke(DelegatingMethodAccessorImpl.java:43)&#xD;
                	at java.lang.reflect.Method.invoke(Method.java:498)&#xD;
                	at org.codehaus.plexus.classworlds.launcher.Launcher.launchEnhanced(Launcher.java:282)&#xD;
                	at org.codehaus.plexus.classworlds.launcher.Launcher.launch(Launcher.java:225)&#xD;
                	at org.codehaus.plexus.classworlds.launcher.Launcher.mainWithExitCode(Launcher.java:406)&#xD;
                	at org.codehaus.plexus.classworlds.launcher.Launcher.main(Launcher.java:347)&#xD;
</error>
        </testcase>
        <testcase name="BuildModeBackButtonTest" time="0.073" classname="BuildModeBackButtonTest">
            <failure type="Not fulfilled" message="0"/>
        </testcase>
    </testsuite>
</testsuites>
